<?xml version="1.0" encoding="utf-8"?><testsuites name="pytest tests"><testsuite name="pytest" errors="0" failures="2" skipped="0" tests="11" time="10.385" timestamp="2026-04-03T22:13:19.233901+00:00" hostname="agent-env-b258ffb7-1a13-4f85-872d-cb1a248ed4e6"><testcase classname="tests.test_backend_apis.TestHealthCheck" name="test_root_endpoint" time="0.205" /><testcase classname="tests.test_backend_apis.TestMealsEndpoints" name="test_get_all_meals" time="1.170" /><testcase classname="tests.test_backend_apis.TestMealsEndpoints" name="test_get_meals_by_day" time="1.006" /><testcase classname="tests.test_backend_apis.TestMealsEndpoints" name="test_get_meals_with_filters" time="0.947" /><testcase classname="tests.test_backend_apis.TestAnalyticsEndpoint" name="test_get_analytics" time="2.545" /><testcase classname="tests.test_backend_apis.TestAdminEndpoints" name="test_admin_all_ratings" time="1.012" /><testcase classname="tests.test_backend_apis.TestAdminEndpoints" name="test_admin_all_preferences" time="0.446" /><testcase classname="tests.test_backend_apis.TestProfileEndpoint" name="test_get_profile_nonexistent" time="0.460"><failure message="AssertionError: Expected 200, got 500&#10;assert 500 == 200&#10; +  where 500 = &lt;Response [500]&gt;.status_code">tests/test_backend_apis.py:149: in test_get_profile_nonexistent
    assert response.status_code == 200, f"Expected 200, got {response.status_code}"
E   AssertionError: Expected 200, got 500
E   assert 500 == 200
E    +  where 500 = &lt;Response [500]&gt;.status_code</failure></testcase><testcase classname="tests.test_backend_apis.TestProfileEndpoint" name="test_create_and_get_profile" time="0.461"><failure message="AssertionError: Expected 200, got 500&#10;assert 500 == 200&#10; +  where 500 = &lt;Response [500]&gt;.status_code">tests/test_backend_apis.py:167: in test_create_and_get_profile
    assert create_response.status_code == 200, f"Expected 200, got {create_response.status_code}"
E   AssertionError: Expected 200, got 500
E   assert 500 == 200
E    +  where 500 = &lt;Response [500]&gt;.status_code</failure></testcase><testcase classname="tests.test_backend_apis.TestRatingsEndpoint" name="test_get_ratings" time="1.079" /><testcase classname="tests.test_backend_apis.TestPreferencesEndpoint" name="test_get_preferences" time="0.993" /></testsuite></testsuites>